Using pre-set license

 COMMAND LINE ARGUMENTS:
/Applications/Unity/Hub/Editor/2020.3.7f1/Unity.app/Contents/MacOS/Unity
-adb2
-batchMode
-noUpm
-name
AssetImportWorker0
-projectPath
/Users/alex/Desktop/ninja2
-logFile
Logs/AssetImportWorker0.log
-srvPort
51194
Successfully changed project path to: /Users/alex/Desktop/ninja2
/Users/alex/Desktop/ninja2
Using Asset Import Pipeline V2.
Refreshing native plugins compatible for Editor in 42.54 ms, found 2 plugins.
Preloading 0 native plugins for Editor in 0.00 ms.
Initialize engine version: 2020.3.7f1 (dd97f2c94397)
[Subsystems] Discovering subsystems at path /Applications/Unity/Hub/Editor/2020.3.7f1/Unity.app/Contents/Resources/UnitySubsystems
[Subsystems] Discovering subsystems at path /Users/alex/Desktop/ninja2/Assets
GfxDevice: creating device client; threaded=0
2022-03-01 23:01:26.819 Unity[84988:3223498] Color LCD preferred device: AMD Radeon Pro 5300M (high power)
2022-03-01 23:01:26.819 Unity[84988:3223498] Metal devices available: 2
2022-03-01 23:01:26.819 Unity[84988:3223498] 0: AMD Radeon Pro 5300M (high power)
2022-03-01 23:01:26.819 Unity[84988:3223498] 1: Intel(R) UHD Graphics 630 (low power)
2022-03-01 23:01:26.820 Unity[84988:3223498] Using device AMD Radeon Pro 5300M (high power)
Initializing Metal device caps: AMD Radeon Pro 5300M
Initialize mono
Mono path[0] = '/Applications/Unity/Hub/Editor/2020.3.7f1/Unity.app/Contents/Managed'
Mono path[1] = '/Applications/Unity/Hub/Editor/2020.3.7f1/Unity.app/Contents/MonoBleedingEdge/lib/mono/unityjit'
Mono config path = '/Applications/Unity/Hub/Editor/2020.3.7f1/Unity.app/Contents/MonoBleedingEdge/etc'
Using monoOptions --debugger-agent=transport=dt_socket,embedding=1,server=y,suspend=n,address=127.0.0.1:56988
Begin MonoManager ReloadAssembly
Registering precompiled unity dll's ...
Register platform support module: /Applications/Unity/Hub/Editor/2020.3.7f1/PlaybackEngines/WebGLSupport/UnityEditor.WebGL.Extensions.dll
Register platform support module: /Applications/Unity/Hub/Editor/2020.3.7f1/Unity.app/Contents/PlaybackEngines/MacStandaloneSupport/UnityEditor.OSXStandalone.Extensions.dll
Registered in 0.001032 seconds.
Native extension for OSXStandalone target not found
Native extension for WebGL target not found
Refreshing native plugins compatible for Editor in 35.16 ms, found 2 plugins.
Preloading 0 native plugins for Editor in 0.00 ms.
Mono: successfully reloaded assembly
- Completed reload, in  1.925 seconds
Platform modules already initialized, skipping
Registering precompiled user dll's ...
Registered in 0.001358 seconds.
Begin MonoManager ReloadAssembly
Native extension for OSXStandalone target not found
Native extension for WebGL target not found
Refreshing native plugins compatible for Editor in 0.45 ms, found 2 plugins.
Preloading 0 native plugins for Editor in 0.00 ms.
Mono: successfully reloaded assembly
- Completed reload, in  1.604 seconds
Platform modules already initialized, skipping
========================================================================
Worker process is ready to serve import requests
Launching external process: /Applications/Unity/Hub/Editor/2020.3.7f1/Unity.app/Contents/Tools/UnityShaderCompiler
Launched and connected shader compiler UnityShaderCompiler after 0.01 seconds
Refreshing native plugins compatible for Editor in 0.39 ms, found 2 plugins.
Preloading 0 native plugins for Editor in 0.00 ms.
Unloading 1507 Unused Serialized files (Serialized files now loaded: 0)
System memory in use before: 137.6 MB.
System memory in use after: 137.7 MB.

Unloading 16 unused Assets to reduce memory usage. Loaded Objects now: 1943.
Total: 2.340978 ms (FindLiveObjects: 0.198892 ms CreateObjectMapping: 0.057517 ms MarkObjects: 2.010205 ms  DeleteObjects: 0.073477 ms)

========================================================================
Received Import Request.
  path: Assets/Scripts/Blade.cs
  artifactKey: Guid(225f31dacf5e38149bb3430114d99751) Importer(815301076,1909f56bfc062723c751e8b465ee728b)
Start importing Assets/Scripts/Blade.cs using Guid(225f31dacf5e38149bb3430114d99751) Importer(815301076,1909f56bfc062723c751e8b465ee728b)  -> (artifact id: '32b9f5944ff1116e058b9e8a49f80374') in 0.643799 seconds
  Import took 0.646232 seconds .

